<?xml version="1.0" encoding="UTF-8"?>
<testsuite name="baritone.cache.CachedRegionTest" tests="1" skipped="0" failures="0" errors="0" timestamp="2023-04-23T10:31:58" hostname="DESKTOP-2S0OCBT" time="0.014">
  <properties/>
  <testcase name="blockPosSaving" classname="baritone.cache.CachedRegionTest" time="0.014"/>
  <system-out><![CDATA[]]></system-out>
  <system-err><![CDATA[]]></system-err>
</testsuite>
