<?xml version="1.0" encoding="UTF-8"?>
<testsuite name="baritone.pathing.movement.ActionCostsTest" tests="1" skipped="0" failures="0" errors="0" timestamp="2023-04-23T10:31:59" hostname="DESKTOP-2S0OCBT" time="0.055">
  <properties/>
  <testcase name="testFallNBlocksCost" classname="baritone.pathing.movement.ActionCostsTest" time="0.055"/>
  <system-out><![CDATA[]]></system-out>
  <system-err><![CDATA[]]></system-err>
</testsuite>
